sdksimple/support4Demos/build/outputs/logs/manifest-merger-debug-report.txt
-- Merging decision tree log ---
manifest
ADDED from src\main\AndroidManifest.xml:22:1-399:12
	package
		ADDED from src\main\AndroidManifest.xml:23:5-44
		INJECTED from src\main\AndroidManifest.xml
		INJECTED from src\main\AndroidManifest.xml
	xmlns:android
		ADDED from src\main\AndroidManifest.xml:22:11-69
uses-permission#android.permission.READ_CONTACTS
ADDED from src\main\AndroidManifest.xml:25:5-72
	android:name
		ADDED from src\main\AndroidManifest.xml:25:22-69
uses-permission#android.permission.WAKE_LOCK
ADDED from src\main\AndroidManifest.xml:26:5-68
	android:name
		ADDED from src\main\AndroidManifest.xml:26:22-65
uses-sdk
ADDED from src\main\AndroidManifest.xml:28:5-73
MERGED from [com.android.support:support-v4:23.1.1] AndroidManifest.xml:20:5-43
	android:targetSdkVersion
		ADDED from src\main\AndroidManifest.xml:28:41-70
		INJECTED from src\main\AndroidManifest.xml
		INJECTED from src\main\AndroidManifest.xml
	android:minSdkVersion
		ADDED from src\main\AndroidManifest.xml:28:15-40
		INJECTED from src\main\AndroidManifest.xml
		INJECTED from src\main\AndroidManifest.xml
supports-screens
ADDED from src\main\AndroidManifest.xml:34:5-35:52
	android:compatibleWidthLimitDp
		ADDED from src\main\AndroidManifest.xml:35:13-49
	android:requiresSmallestWidthDp
		ADDED from src\main\AndroidManifest.xml:34:23-60
application
ADDED from src\main\AndroidManifest.xml:37:5-398:19
MERGED from [com.android.support:support-v4:23.1.1] AndroidManifest.xml:22:5-20
	android:label
		ADDED from src\main\AndroidManifest.xml:37:18-62
	android:supportsRtl
		ADDED from src\main\AndroidManifest.xml:40:13-39
	android:hardwareAccelerated
		ADDED from src\main\AndroidManifest.xml:39:13-47
	android:icon
		ADDED from src\main\AndroidManifest.xml:38:13-53
activity#com.example.android.supportv4.Support4Demos
ADDED from src\main\AndroidManifest.xml:42:9-48:20
	android:name
		ADDED from src\main\AndroidManifest.xml:42:19-47
intent-filter#android.intent.action.MAIN+android.intent.category.DEFAULT+android.intent.category.LAUNCHER
ADDED from src\main\AndroidManifest.xml:43:13-47:29
action#android.intent.action.MAIN
ADDED from src\main\AndroidManifest.xml:44:17-69
	android:name
		ADDED from src\main\AndroidManifest.xml:44:25-66
category#android.intent.category.DEFAULT
ADDED from src\main\AndroidManifest.xml:45:17-76
	android:name
		ADDED from src\main\AndroidManifest.xml:45:27-73
category#android.intent.category.LAUNCHER
ADDED from src\main\AndroidManifest.xml:46:17-77
	android:name
		ADDED from src\main\AndroidManifest.xml:46:27-74
activity#com.example.android.supportv4.app.SendResult
ADDED from src\main\AndroidManifest.xml:50:9-52:20
	android:theme
		ADDED from src\main\AndroidManifest.xml:51:17-60
	android:name
		ADDED from src\main\AndroidManifest.xml:50:19-49
activity#com.example.android.supportv4.app.FragmentAlertDialogSupport
ADDED from src\main\AndroidManifest.xml:56:9-62:20
	android:label
		ADDED from src\main\AndroidManifest.xml:57:17-70
	android:name
		ADDED from src\main\AndroidManifest.xml:56:19-65
intent-filter#android.intent.action.MAIN+com.example.android.supportv4.SUPPORT4_SAMPLE_CODE
ADDED from src\main\AndroidManifest.xml:58:13-61:29
category#com.example.android.supportv4.SUPPORT4_SAMPLE_CODE
ADDED from src\main\AndroidManifest.xml:60:17-95
	android:name
		ADDED from src\main\AndroidManifest.xml:60:27-92
activity#com.example.android.supportv4.app.FragmentArgumentsSupport
ADDED from src\main\AndroidManifest.xml:64:9-70:20
	android:label
		ADDED from src\main\AndroidManifest.xml:65:17-67
	android:name
		ADDED from src\main\AndroidManifest.xml:64:19-63
activity#com.example.android.supportv4.app.FragmentCustomAnimationSupport
ADDED from src\main\AndroidManifest.xml:72:9-78:20
	android:label
		ADDED from src\main\AndroidManifest.xml:73:17-74
	android:name
		ADDED from src\main\AndroidManifest.xml:72:19-69
activity#com.example.android.supportv4.app.FragmentHideShowSupport
ADDED from src\main\AndroidManifest.xml:80:9-87:20
	android:label
		ADDED from src\main\AndroidManifest.xml:81:17-67
	android:windowSoftInputMode
		ADDED from src\main\AndroidManifest.xml:82:17-61
	android:name
		ADDED from src\main\AndroidManifest.xml:80:19-62
activity#com.example.android.supportv4.app.FragmentContextMenuSupport
ADDED from src\main\AndroidManifest.xml:89:9-95:20
	android:label
		ADDED from src\main\AndroidManifest.xml:90:17-70
	android:name
		ADDED from src\main\AndroidManifest.xml:89:19-65
activity#com.example.android.supportv4.app.FragmentDialogSupport
ADDED from src\main\AndroidManifest.xml:97:9-103:20
	android:label
		ADDED from src\main\AndroidManifest.xml:98:17-64
	android:name
		ADDED from src\main\AndroidManifest.xml:97:19-60
activity#com.example.android.supportv4.app.FragmentDialogOrActivitySupport
ADDED from src\main\AndroidManifest.xml:105:9-111:20
	android:label
		ADDED from src\main\AndroidManifest.xml:106:17-76
	android:name
		ADDED from src\main\AndroidManifest.xml:105:19-70
activity#com.example.android.supportv4.app.FragmentLayoutSupport
ADDED from src\main\AndroidManifest.xml:113:9-119:20
	android:label
		ADDED from src\main\AndroidManifest.xml:114:17-64
	android:name
		ADDED from src\main\AndroidManifest.xml:113:19-60
activity#com.example.android.supportv4.app.FragmentListArraySupport
ADDED from src\main\AndroidManifest.xml:121:9-127:20
	android:label
		ADDED from src\main\AndroidManifest.xml:122:17-68
	android:name
		ADDED from src\main\AndroidManifest.xml:121:19-63
activity#com.example.android.supportv4.app.FragmentLayoutSupport$DetailsActivity
ADDED from src\main\AndroidManifest.xml:129:9-79
	android:name
		ADDED from src\main\AndroidManifest.xml:129:19-76
activity#com.example.android.supportv4.app.FragmentMenuSupport
ADDED from src\main\AndroidManifest.xml:131:9-137:20
	android:label
		ADDED from src\main\AndroidManifest.xml:132:17-62
	android:name
		ADDED from src\main\AndroidManifest.xml:131:19-58
activity#com.example.android.supportv4.app.FragmentNestingTabsSupport
ADDED from src\main\AndroidManifest.xml:139:9-145:20
	android:label
		ADDED from src\main\AndroidManifest.xml:140:17-70
	android:name
		ADDED from src\main\AndroidManifest.xml:139:19-65
activity#com.example.android.supportv4.app.FragmentRetainInstanceSupport
ADDED from src\main\AndroidManifest.xml:147:9-153:20
	android:label
		ADDED from src\main\AndroidManifest.xml:148:17-73
	android:name
		ADDED from src\main\AndroidManifest.xml:147:19-68
activity#com.example.android.supportv4.app.FragmentReceiveResultSupport
ADDED from src\main\AndroidManifest.xml:155:9-161:20
	android:label
		ADDED from src\main\AndroidManifest.xml:156:17-72
	android:name
		ADDED from src\main\AndroidManifest.xml:155:19-67
activity#com.example.android.supportv4.app.FragmentStackSupport
ADDED from src\main\AndroidManifest.xml:163:9-169:20
	android:label
		ADDED from src\main\AndroidManifest.xml:164:17-63
	android:name
		ADDED from src\main\AndroidManifest.xml:163:19-59
activity#com.example.android.supportv4.app.FragmentTabs
ADDED from src\main\AndroidManifest.xml:171:9-177:20
	android:label
		ADDED from src\main\AndroidManifest.xml:172:17-54
	android:name
		ADDED from src\main\AndroidManifest.xml:171:19-51
activity#com.example.android.supportv4.app.FragmentTabsPager
ADDED from src\main\AndroidManifest.xml:179:9-185:20
	android:label
		ADDED from src\main\AndroidManifest.xml:180:17-60
	android:name
		ADDED from src\main\AndroidManifest.xml:179:19-56
activity#com.example.android.supportv4.app.FragmentPagerSupport
ADDED from src\main\AndroidManifest.xml:187:9-193:20
	android:label
		ADDED from src\main\AndroidManifest.xml:188:17-63
	android:name
		ADDED from src\main\AndroidManifest.xml:187:19-59
activity#com.example.android.supportv4.app.FragmentStatePagerSupport
ADDED from src\main\AndroidManifest.xml:195:9-201:20
	android:label
		ADDED from src\main\AndroidManifest.xml:196:17-69
	android:name
		ADDED from src\main\AndroidManifest.xml:195:19-64
activity#com.example.android.supportv4.app.LoaderCursorSupport
ADDED from src\main\AndroidManifest.xml:203:9-209:20
	android:label
		ADDED from src\main\AndroidManifest.xml:204:17-62
	android:name
		ADDED from src\main\AndroidManifest.xml:203:19-58
activity#com.example.android.supportv4.app.LoaderRetainedSupport
ADDED from src\main\AndroidManifest.xml:211:9-217:20
	android:label
		ADDED from src\main\AndroidManifest.xml:212:17-64
	android:name
		ADDED from src\main\AndroidManifest.xml:211:19-60
activity#com.example.android.supportv4.app.LoaderCustomSupport
ADDED from src\main\AndroidManifest.xml:219:9-225:20
	android:label
		ADDED from src\main\AndroidManifest.xml:220:17-62
	android:name
		ADDED from src\main\AndroidManifest.xml:219:19-58
activity#com.example.android.supportv4.app.LoaderThrottleSupport
ADDED from src\main\AndroidManifest.xml:227:9-233:20
	android:label
		ADDED from src\main\AndroidManifest.xml:228:17-64
	android:name
		ADDED from src\main\AndroidManifest.xml:227:19-60
provider#com.example.android.supportv4.app.LoaderThrottleSupport$SimpleProvider
ADDED from src\main\AndroidManifest.xml:234:9-235:97
	android:authorities
		ADDED from src\main\AndroidManifest.xml:235:19-94
	android:name
		ADDED from src\main\AndroidManifest.xml:234:19-75
activity#com.example.android.supportv4.content.LocalServiceBroadcaster
ADDED from src\main\AndroidManifest.xml:237:9-243:20
	android:label
		ADDED from src\main\AndroidManifest.xml:238:17-66
	android:name
		ADDED from src\main\AndroidManifest.xml:237:19-66
service#com.example.android.supportv4.content.LocalServiceBroadcaster$LocalService
ADDED from src\main\AndroidManifest.xml:244:9-245:47
	android:stopWithTask
		ADDED from src\main\AndroidManifest.xml:245:17-44
	android:name
		ADDED from src\main\AndroidManifest.xml:244:18-78
activity#com.example.android.supportv4.content.SimpleWakefulController
ADDED from src\main\AndroidManifest.xml:247:9-253:20
	android:label
		ADDED from src\main\AndroidManifest.xml:248:19-68
	android:name
		ADDED from src\main\AndroidManifest.xml:247:19-66
receiver#com.example.android.supportv4.content.SimpleWakefulReceiver
ADDED from src\main\AndroidManifest.xml:255:9-67
	android:name
		ADDED from src\main\AndroidManifest.xml:255:19-64
service#com.example.android.supportv4.content.SimpleWakefulService
ADDED from src\main\AndroidManifest.xml:256:9-65
	android:name
		ADDED from src\main\AndroidManifest.xml:256:18-62
activity#com.example.android.supportv4.accessibility.AccessibilityManagerSupportActivity
ADDED from src\main\AndroidManifest.xml:258:9-264:20
	android:label
		ADDED from src\main\AndroidManifest.xml:259:17-68
	android:name
		ADDED from src\main\AndroidManifest.xml:258:19-84
activity#com.example.android.supportv4.accessibility.AccessibilityDelegateSupportActivity
ADDED from src\main\AndroidManifest.xml:266:9-272:20
	android:label
		ADDED from src\main\AndroidManifest.xml:267:17-69
	android:name
		ADDED from src\main\AndroidManifest.xml:266:19-85
activity#com.example.android.supportv4.app.SharingSupport
ADDED from src\main\AndroidManifest.xml:274:9-280:20
	android:label
		ADDED from src\main\AndroidManifest.xml:275:19-64
	android:name
		ADDED from src\main\AndroidManifest.xml:274:19-53
activity#com.example.android.supportv4.app.SharingReceiverSupport
ADDED from src\main\AndroidManifest.xml:282:9-290:20
	android:label
		ADDED from src\main\AndroidManifest.xml:283:19-65
	android:name
		ADDED from src\main\AndroidManifest.xml:282:19-61
intent-filter#android.intent.action.SEND+android.intent.action.SEND_MULTIPLE+android.intent.category.DEFAULT
ADDED from src\main\AndroidManifest.xml:284:13-289:29
action#android.intent.action.SEND
ADDED from src\main\AndroidManifest.xml:285:17-69
	android:name
		ADDED from src\main\AndroidManifest.xml:285:25-66
action#android.intent.action.SEND_MULTIPLE
ADDED from src\main\AndroidManifest.xml:286:17-78
	android:name
		ADDED from src\main\AndroidManifest.xml:286:25-75
data
ADDED from src\main\AndroidManifest.xml:287:17-55
	android:mimeType
		ADDED from src\main\AndroidManifest.xml:287:23-52
activity#com.example.android.supportv4.text.BidiFormatterSupport
ADDED from src\main\AndroidManifest.xml:292:9-298:20
	android:label
		ADDED from src\main\AndroidManifest.xml:293:19-70
	android:name
		ADDED from src\main\AndroidManifest.xml:292:19-60
activity#com.example.android.supportv4.view.ViewPagerActivity
ADDED from src\main\AndroidManifest.xml:300:9-306:20
	android:label
		ADDED from src\main\AndroidManifest.xml:301:19-68
	android:name
		ADDED from src\main\AndroidManifest.xml:300:19-57
activity#com.example.android.supportv4.widget.SwipeRefreshLayoutActivity
ADDED from src\main\AndroidManifest.xml:308:9-315:20
	android:label
		ADDED from src\main\AndroidManifest.xml:309:19-48
	android:theme
		ADDED from src\main\AndroidManifest.xml:310:19-56
	android:name
		ADDED from src\main\AndroidManifest.xml:308:19-68
activity#com.example.android.supportv4.widget.ContentLoadingProgressBarActivity
ADDED from src\main\AndroidManifest.xml:317:9-323:20
	android:label
		ADDED from src\main\AndroidManifest.xml:318:19-71
	android:name
		ADDED from src\main\AndroidManifest.xml:317:19-75
activity#com.example.android.supportv4.widget.SlidingPaneLayoutActivity
ADDED from src\main\AndroidManifest.xml:325:9-331:20
	android:label
		ADDED from src\main\AndroidManifest.xml:326:19-70
	android:name
		ADDED from src\main\AndroidManifest.xml:325:19-67
activity#com.example.android.supportv4.widget.ExploreByTouchHelperActivity
ADDED from src\main\AndroidManifest.xml:333:9-339:20
	android:label
		ADDED from src\main\AndroidManifest.xml:334:19-74
	android:name
		ADDED from src\main\AndroidManifest.xml:333:19-70
provider#com.example.android.supportv4.content.SharingSupportProvider
ADDED from src\main\AndroidManifest.xml:341:9-342:68
	android:authorities
		ADDED from src\main\AndroidManifest.xml:341:19-93
	android:name
		ADDED from src\main\AndroidManifest.xml:342:19-65
activity#com.example.android.supportv4.content.FileProviderExample
ADDED from src\main\AndroidManifest.xml:346:9-352:20
	android:label
		ADDED from src\main\AndroidManifest.xml:347:17-62
	android:name
		ADDED from src\main\AndroidManifest.xml:346:19-62
activity#com.example.android.supportv4.widget.NestedScrollActivity
ADDED from src\main\AndroidManifest.xml:354:9-360:20
	android:label
		ADDED from src\main\AndroidManifest.xml:355:19-56
	android:name
		ADDED from src\main\AndroidManifest.xml:354:19-62
activity#com.example.android.supportv4.graphics.RoundedBitmapDrawableActivity
ADDED from src\main\AndroidManifest.xml:362:9-368:20
	android:label
		ADDED from src\main\AndroidManifest.xml:363:13-59
	android:name
		ADDED from src\main\AndroidManifest.xml:362:19-73
activity#com.example.android.supportv4.graphics.DrawableCompatActivity
ADDED from src\main\AndroidManifest.xml:370:9-376:20
	android:label
		ADDED from src\main\AndroidManifest.xml:371:19-58
	android:name
		ADDED from src\main\AndroidManifest.xml:370:19-66
provider#android.support.v4.content.FileProvider
ADDED from src\main\AndroidManifest.xml:379:9-387:20
	android:authorities
		ADDED from src\main\AndroidManifest.xml:381:13-73
	android:grantUriPermissions
		ADDED from src\main\AndroidManifest.xml:382:13-47
	android:exported
		ADDED from src\main\AndroidManifest.xml:383:13-37
	android:name
		ADDED from src\main\AndroidManifest.xml:380:13-67
meta-data#android.support.FILE_PROVIDER_PATHS
ADDED from src\main\AndroidManifest.xml:384:13-386:52
	android:resource
		ADDED from src\main\AndroidManifest.xml:386:17-49
	android:name
		ADDED from src\main\AndroidManifest.xml:385:17-67
activity#com.example.android.supportv4.media.TransportControllerActivity
ADDED from src\main\AndroidManifest.xml:390:9-396:20
	android:label
		ADDED from src\main\AndroidManifest.xml:391:17-77
	android:name
		ADDED from src\main\AndroidManifest.xml:390:19-68